<?xml version="1.0" encoding="UTF-8"?>
<!-- Generated by org.testng.reporters.JUnitReportReporter -->
<testsuite hostname="Admin-PC" failures="0" tests="1" name="nrp_testcases.VerifyCrossLocationDatawithCalendar" time="452.829" errors="0" timestamp="2020-12-21T13:03:34 IST" skipped="0">
  <testcase classname="nrp_testcases.VerifyCrossLocationDatawithCalendar" name="VerifyDataOfCrossLocationwithCalendar" time="452.829"/>
  <system-out/>
</testsuite> <!-- nrp_testcases.VerifyCrossLocationDatawithCalendar -->
