<?xml version="1.0" encoding="UTF-8"?>
<!-- Generated by org.testng.reporters.JUnitReportReporter -->
<testsuite hostname="Admin-PC" failures="0" tests="1" name="nrp_testcases.RoughWorking" time="2.565" errors="0" timestamp="2020-12-18T12:00:52 IST" skipped="0">
  <testcase classname="nrp_testcases.RoughWorking" name="test" time="2.565"/>
  <system-out/>
</testsuite> <!-- nrp_testcases.RoughWorking -->
