<?xml version="1.0" encoding="UTF-8"?>
<!-- Generated by org.testng.reporters.JUnitReportReporter -->
<testsuite skipped="0" hostname="aixahm-ts6" name="nrp_testcases.RoughWork" tests="1" failures="0" timestamp="30 Jun 2020 14:26:51 GMT" time="1.657" errors="0">
  <testcase name="excel" time="1.657" classname="nrp_testcases.RoughWork"/>
</testsuite> <!-- nrp_testcases.RoughWork -->
